<?xml version="1.0" encoding="UTF-8"?>
<!-- Generated by org.testng.reporters.JUnitXMLReporter -->
<testsuite ignored="0" hostname="Utkarsh" failures="0" tests="3" name="Test" time="121.49" errors="0" timestamp="2020-08-07T18:18:45 IST">
  <testcase classname="employeemanagement.OrangeHRM.LoginTest" name="loginPage" time="2.247"/>
  <testcase classname="employeemanagement.OrangeHRM.AddEmployeeTest" name="addNewEmployee" time="21.887"/>
  <testcase classname="employeemanagement.OrangeHRM.SearchEmployeeTest" name="searchemployee" time="15.479"/>
</testsuite> <!-- Test -->
