<?xml version="1.0" encoding="UTF-8"?>
<testsuite xmlns:xsi="http://www.w3.org/2001/XMLSchema-instance" xsi:noNamespaceSchemaLocation="https://maven.apache.org/surefire/maven-surefire-plugin/xsd/surefire-test-report-3.0.xsd" version="3.0" name="TestSuite" time="123.405" tests="3" errors="0" skipped="0" failures="0">
  <properties>
[...]
</properties>
  <testcase name="loginPage" classname="employeemanagement.OrangeHRM.LoginTest" time="2.213">
    <system-out><![CDATA[User login is granted and redirected to the dashboard after login successfully
]]></system-out>
    <system-err><![CDATA[Starting ChromeDriver 74.0.3729.6 (255758eccf3d244491b8a1317aa76e1ce10d57e9-refs/branch-heads/3729@{#29}) on port 42304
Only local connections are allowed.
Please protect ports used by ChromeDriver and related test frameworks to prevent access by malicious code.
[1596804409.743][WARNING]: Timed out connecting to Chrome, retrying...
Aug 07, 2020 6:16:52 PM org.openqa.selenium.remote.ProtocolHandshake createSession
INFO: Detected dialect: OSS
[1596804414.707][WARNING]: Timed out connecting to Chrome, retrying...
Starting ChromeDriver 74.0.3729.6 (255758eccf3d244491b8a1317aa76e1ce10d57e9-refs/branch-heads/3729@{#29}) on port 35050
Only local connections are allowed.
Please protect ports used by ChromeDriver and related test frameworks to prevent access by malicious code.
[1596804430.330][WARNING]: Timed out connecting to Chrome, retrying...
Aug 07, 2020 6:17:12 PM org.openqa.selenium.remote.ProtocolHandshake createSession
INFO: Detected dialect: OSS
[1596804434.360][WARNING]: Timed out connecting to Chrome, retrying...
Starting ChromeDriver 74.0.3729.6 (255758eccf3d244491b8a1317aa76e1ce10d57e9-refs/branch-heads/3729@{#29}) on port 47631
Only local connections are allowed.
Please protect ports used by ChromeDriver and related test frameworks to prevent access by malicious code.
[1596804451.104][WARNING]: Timed out connecting to Chrome, retrying...
Aug 07, 2020 6:17:38 PM org.openqa.selenium.remote.ProtocolHandshake createSession
INFO: Detected dialect: OSS
[1596804461.077][WARNING]: Timed out connecting to Chrome, retrying...
]]></system-err>
  </testcase>
  <testcase name="addNewEmployee" classname="employeemanagement.OrangeHRM.AddEmployeeTest" time="21.889">
    <system-out><![CDATA[User login is granted and redirected to the dashboard after successfully adding employee details
]]></system-out>
  </testcase>
  <testcase name="searchemployee" classname="employeemanagement.OrangeHRM.SearchEmployeeTest" time="15.478">
    <system-out><![CDATA[Employee name is appeared in the filtered employee list
]]></system-out>
  </testcase>
</testsuite>